<?xml version="1.0" encoding="UTF-8"?>
<!-- Generated by org.testng.reporters.JUnitReportReporter -->
<testsuite hostname="user-PC" failures="0" tests="2" name="SeleniumWebDriver.Topic04_05_Xpath_and_CSS_Login" time="11.114" errors="0" timestamp="24 7月 2021 17:23:01 GMT" skipped="0">
  <testcase classname="SeleniumWebDriver.Topic04_05_Xpath_and_CSS_Login" name="TC_06_loginSuccess" time="5.584"/>
  <testcase classname="SeleniumWebDriver.Topic04_05_Xpath_and_CSS_Login" name="TC_05_createANewAccount" time="5.530"/>
</testsuite> <!-- SeleniumWebDriver.Topic04_05_Xpath_and_CSS_Login -->
