<?xml version="1.0" encoding="UTF-8"?>
<!-- Generated by org.testng.reporters.JUnitReportReporter -->
<testsuite hostname="user-PC" failures="0" tests="3" name="SeleniumWebDriver.Topic07_08_TC01_Textbox_Testarea" time="28.305" errors="0" timestamp="05 8月 2021 14:00:15 GMT" skipped="0">
  <testcase classname="SeleniumWebDriver.Topic07_08_TC01_Textbox_Testarea" name="TC_01_Register" time="7.153"/>
  <testcase classname="SeleniumWebDriver.Topic07_08_TC01_Textbox_Testarea" name="TC_02_Login" time="13.251"/>
  <testcase classname="SeleniumWebDriver.Topic07_08_TC01_Textbox_Testarea" name="TC_03_Register" time="7.901"/>
</testsuite> <!-- SeleniumWebDriver.Topic07_08_TC01_Textbox_Testarea -->
