<?xml version="1.0" encoding="UTF-8"?>
<!-- Generated by org.testng.reporters.JUnitReportReporter -->
<testsuite hostname="user-PC" failures="0" tests="3" name="SeleniumWebDriver.Topic07_08_TC01_Textbox_Testarea2_lamlailan2" time="14.567" errors="0" timestamp="05 8月 2021 16:40:57 GMT" skipped="0">
  <testcase classname="SeleniumWebDriver.Topic07_08_TC01_Textbox_Testarea2_lamlailan2" name="TC02_newCustomer" time="5.787"/>
  <testcase classname="SeleniumWebDriver.Topic07_08_TC01_Textbox_Testarea2_lamlailan2" name="TC03_EditCustomer" time="3.353"/>
  <testcase classname="SeleniumWebDriver.Topic07_08_TC01_Textbox_Testarea2_lamlailan2" name="TC01_register" time="5.427"/>
</testsuite> <!-- SeleniumWebDriver.Topic07_08_TC01_Textbox_Testarea2_lamlailan2 -->
