<?xml version="1.0" encoding="UTF-8"?>
<!-- Generated by org.testng.reporters.JUnitReportReporter -->
<testsuite hostname="user-PC" failures="0" tests="3" name="SeleniumWebDriver.Test_setup_enviroment" time="0.225" errors="0" timestamp="24 7月 2021 08:56:18 GMT" skipped="0">
  <testcase classname="SeleniumWebDriver.Test_setup_enviroment" name="TC_01_ValidateCurrentUrl" time="0.014"/>
  <testcase classname="SeleniumWebDriver.Test_setup_enviroment" name="TC_03_LoginFormDisplayed" time="0.205"/>
  <testcase classname="SeleniumWebDriver.Test_setup_enviroment" name="TC_02_ValidatePageTitle" time="0.006"/>
</testsuite> <!-- SeleniumWebDriver.Test_setup_enviroment -->
