<?xml version="1.0" encoding="UTF-8"?>
<!-- Generated by org.testng.reporters.JUnitReportReporter -->
<testsuite hostname="user-PC" failures="0" tests="4" name="SeleniumWebDriver.Topic06_Web_Browser" time="112.624" errors="0" timestamp="25 7月 2021 14:47:18 GMT" skipped="0">
  <testcase classname="SeleniumWebDriver.Topic06_Web_Browser" name="TC_03_Navigate_Function" time="93.076"/>
  <testcase classname="SeleniumWebDriver.Topic06_Web_Browser" name="TC_01_Verrify_URL" time="3.397"/>
  <testcase classname="SeleniumWebDriver.Topic06_Web_Browser" name="TC_04_Get_Page_SrcCode" time="3.148"/>
  <testcase classname="SeleniumWebDriver.Topic06_Web_Browser" name="TC_02_Verify_Title" time="13.003"/>
</testsuite> <!-- SeleniumWebDriver.Topic06_Web_Browser -->
