<?xml version="1.0" encoding="UTF-8"?>
<!-- Generated by org.testng.reporters.JUnitReportReporter -->
<testsuite hostname="user-PC" failures="0" tests="6" name="SeleniumWebDriver.Topic04_05_Xpath_and_CSS_Register" time="38.512" errors="0" timestamp="24 7月 2021 15:16:49 GMT" skipped="0">
  <testcase classname="SeleniumWebDriver.Topic04_05_Xpath_and_CSS_Register" name="TC_03_RegisterWithIncorrectConfirmEmail" time="1.139"/>
  <testcase classname="SeleniumWebDriver.Topic04_05_Xpath_and_CSS_Register" name="TC_05_RegisterWithIncorrectConfirmPassword" time="1.952"/>
  <testcase classname="SeleniumWebDriver.Topic04_05_Xpath_and_CSS_Register" name="TC_01_RegisterWithEmptyData" time="1.240"/>
  <testcase classname="SeleniumWebDriver.Topic04_05_Xpath_and_CSS_Register" name="TC_04_RegisterWithPassword_Less_Than_6Characters" time="1.239"/>
  <testcase classname="SeleniumWebDriver.Topic04_05_Xpath_and_CSS_Register" name="TC_02_RegisterWithInvalidEmail" time="30.645"/>
  <testcase classname="SeleniumWebDriver.Topic04_05_Xpath_and_CSS_Register" name="TC_06_RegisterWithInvalidPhoneNumber" time="2.297"/>
</testsuite> <!-- SeleniumWebDriver.Topic04_05_Xpath_and_CSS_Register -->
